<?xml version="1.0" encoding="utf-8"?><testsuites name="pytest tests"><testsuite name="pytest" errors="0" failures="0" skipped="0" tests="18" time="1.983" timestamp="2026-07-16T05:25:23.086449+00:00" hostname="agent-env-cee59344-c6ad-4178-a553-da9b45609cbf"><testcase classname="backend.tests.test_backend.TestHealth" name="test_root" time="0.244" /><testcase classname="backend.tests.test_backend.TestAuth" name="test_login_success" time="0.274" /><testcase classname="backend.tests.test_backend.TestAuth" name="test_login_wrong_password" time="0.266" /><testcase classname="backend.tests.test_backend.TestAuth" name="test_login_unknown_email" time="0.045" /><testcase classname="backend.tests.test_backend.TestAuth" name="test_me_authenticated" time="0.364" /><testcase classname="backend.tests.test_backend.TestAuth" name="test_me_unauthenticated" time="0.041" /><testcase classname="backend.tests.test_backend.TestDashboard" name="test_dashboard_shape" time="0.043" /><testcase classname="backend.tests.test_backend.TestChat" name="test_get_chat" time="0.042" /><testcase classname="backend.tests.test_backend.TestChat" name="test_post_chat_authenticated" time="0.083" /><testcase classname="backend.tests.test_backend.TestChat" name="test_post_chat_unauthenticated" time="0.038" /><testcase classname="backend.tests.test_backend.TestFeed" name="test_like_post" time="0.085" /><testcase classname="backend.tests.test_backend.TestFeed" name="test_like_unknown_post" time="0.055" /><testcase classname="backend.tests.test_backend.TestFeed" name="test_like_unauthenticated" time="0.081" /><testcase classname="backend.tests.test_backend.TestNotifications" name="test_get_notifications" time="0.042" /><testcase classname="backend.tests.test_backend.TestNotifications" name="test_mark_read" time="0.084" /><testcase classname="backend.tests.test_backend.TestNotifications" name="test_mark_read_unauthenticated" time="0.040" /><testcase classname="backend.tests.test_backend.TestSearch" name="test_search_empty" time="0.040" /><testcase classname="backend.tests.test_backend.TestSearch" name="test_search_hit" time="0.042" /></testsuite></testsuites>